05/09/2020 09:25:09 PM : DEBUG : b''
05/09/2020 09:25:09 PM : INFO : Checking for ERROR/WARNING/FAILURE messages in system logs:['/var/log/syslog', '/var/log/messages', '/tmp/dmesg']
05/09/2020 09:25:09 PM : DEBUG : b"/var/log/messages:1095:May  9 21:22:10 localhost python3.6[797]: 2020-05-09T13:22:10.616711Z WARNING ExtHandler Failed to process legacy cgroups. Collection of resource usage data will be disabled. Error: [CGroupsException] The daemon's PID (797) was already added to the legacy cgroup; this invalidates resource usage data.\n"
05/09/2020 09:25:09 PM : DEBUG : b"/var/log/messages:379:May  9 21:21:36 localhost kernel: random: 7 urandom warning(s) missed due to ratelimiting\n/var/log/messages:1084:May  9 21:22:10 localhost python3.6[797]: 2020-05-09T13:22:10.510771Z WARNING ExtHandler Dhcp client is not running.\n/var/log/messages:1095:May  9 21:22:10 localhost python3.6[797]: 2020-05-09T13:22:10.616711Z WARNING ExtHandler Failed to process legacy cgroups. Collection of resource usage data will be disabled. Error: [CGroupsException] The daemon's PID (797) was already added to the legacy cgroup; this invalidates resource usage data.\n/tmp/dmesg:438:[    9.157879] random: 7 urandom warning(s) missed due to ratelimiting\n"
05/09/2020 09:25:09 PM : DEBUG : b'/var/log/messages:183:May  9 21:21:30 localhost kernel: acpi PNP0A03:00: fail to add MMCONFIG information, can\'t access extended PCI configuration space under this bridge.\n/var/log/messages:359:May  9 21:21:30 localhost kernel: psmouse serio1: trackpoint: failed to get extended button data, assuming 3 buttons\n/var/log/messages:365:May  9 21:21:32 localhost rngd[271]: Failed to init entropy source hwrng\n/var/log/messages:582:May  9 21:21:53 localhost augenrules[648]: failure 1\n/var/log/messages:590:May  9 21:21:53 localhost augenrules[648]: failure 1\n/var/log/messages:598:May  9 21:21:53 localhost augenrules[648]: failure 1\n/var/log/messages:641:May  9 21:21:54 localhost rngd[736]: Failed to init entropy source hwrng\n/var/log/messages:1047:May  9 21:22:08 localhost dracut[1084]:    microcode_ctl: kernel version "4.18.0-193.el8.x86_64" failed early load check for "intel-06-2d-07", skipping\n/var/log/messages:1049:May  9 21:22:08 localhost dracut[1084]:    microcode_ctl: kernel version "4.18.0-193.el8.x86_64" failed early load check for "intel-06-4f-01", skipping\n/var/log/messages:1054:May  9 21:22:09 localhost dracut[1084]:    microcode_ctl: kernel version "4.18.0-193.el8.x86_64" failed early load check for "intel-06-55-04", skipping\n/var/log/messages:1095:May  9 21:22:10 localhost python3.6[797]: 2020-05-09T13:22:10.616711Z WARNING ExtHandler Failed to process legacy cgroups. Collection of resource usage data will be disabled. Error: [CGroupsException] The daemon\'s PID (797) was already added to the legacy cgroup; this invalidates resource usage data.\n/tmp/dmesg:236:[    0.212010] acpi PNP0A03:00: fail to add MMCONFIG information, can\'t access extended PCI configuration space under this bridge.\n/tmp/dmesg:432:[    1.993160] psmouse serio1: trackpoint: failed to get extended button data, assuming 3 buttons\n'
05/09/2020 09:25:10 PM : INFO : Checking ignorable boot ERROR/WARNING/FAILURE messages...
05/09/2020 09:25:10 PM : INFO : Ignorable ERROR/WARNING/FAILURE message: /var/log/messages:183:May  9 21:21:30 localhost kernel: acpi PNP0A03:00: fail to add MMCONFIG information, can't access extended PCI configuration space under this bridge.
05/09/2020 09:25:10 PM : INFO : Ignorable ERROR/WARNING/FAILURE message: /var/log/messages:359:May  9 21:21:30 localhost kernel: psmouse serio1: trackpoint: failed to get extended button data, assuming 3 buttons
05/09/2020 09:25:10 PM : INFO : Ignorable ERROR/WARNING/FAILURE message: /var/log/messages:365:May  9 21:21:32 localhost rngd[271]: Failed to init entropy source hwrng
05/09/2020 09:25:10 PM : INFO : Ignorable ERROR/WARNING/FAILURE message: /var/log/messages:582:May  9 21:21:53 localhost augenrules[648]: failure 1
05/09/2020 09:25:10 PM : INFO : Ignorable ERROR/WARNING/FAILURE message: /var/log/messages:590:May  9 21:21:53 localhost augenrules[648]: failure 1
05/09/2020 09:25:10 PM : INFO : Ignorable ERROR/WARNING/FAILURE message: /var/log/messages:598:May  9 21:21:53 localhost augenrules[648]: failure 1
05/09/2020 09:25:10 PM : INFO : Ignorable ERROR/WARNING/FAILURE message: /var/log/messages:641:May  9 21:21:54 localhost rngd[736]: Failed to init entropy source hwrng
05/09/2020 09:25:10 PM : INFO : Ignorable ERROR/WARNING/FAILURE message: /var/log/messages:1047:May  9 21:22:08 localhost dracut[1084]:    microcode_ctl: kernel version "4.18.0-193.el8.x86_64" failed early load check for "intel-06-2d-07", skipping
05/09/2020 09:25:10 PM : INFO : Ignorable ERROR/WARNING/FAILURE message: /var/log/messages:1049:May  9 21:22:08 localhost dracut[1084]:    microcode_ctl: kernel version "4.18.0-193.el8.x86_64" failed early load check for "intel-06-4f-01", skipping
05/09/2020 09:25:10 PM : INFO : Ignorable ERROR/WARNING/FAILURE message: /var/log/messages:1054:May  9 21:22:09 localhost dracut[1084]:    microcode_ctl: kernel version "4.18.0-193.el8.x86_64" failed early load check for "intel-06-55-04", skipping
05/09/2020 09:25:10 PM : INFO : Ignorable ERROR/WARNING/FAILURE message: /tmp/dmesg:236:[    0.212010] acpi PNP0A03:00: fail to add MMCONFIG information, can't access extended PCI configuration space under this bridge.
05/09/2020 09:25:10 PM : INFO : Ignorable ERROR/WARNING/FAILURE message: /tmp/dmesg:432:[    1.993160] psmouse serio1: trackpoint: failed to get extended button data, assuming 3 buttons
05/09/2020 09:25:10 PM : INFO : Ignorable ERROR/WARNING/FAILURE message: /var/log/messages:379:May  9 21:21:36 localhost kernel: random: 7 urandom warning(s) missed due to ratelimiting
05/09/2020 09:25:10 PM : INFO : Ignorable ERROR/WARNING/FAILURE message: /var/log/messages:1084:May  9 21:22:10 localhost python3.6[797]: 2020-05-09T13:22:10.510771Z WARNING ExtHandler Dhcp client is not running.
05/09/2020 09:25:10 PM : INFO : Ignorable ERROR/WARNING/FAILURE message: /tmp/dmesg:438:[    9.157879] random: 7 urandom warning(s) missed due to ratelimiting
05/09/2020 09:25:10 PM : INFO : Checking ignorable wala ERROR/WARNING/FAILURE messages...
05/09/2020 09:25:10 PM : INFO : Ignorable ERROR/WARNING/FAILURE message: /var/log/messages:1095:May  9 21:22:10 localhost python3.6[797]: 2020-05-09T13:22:10.616711Z WARNING ExtHandler Failed to process legacy cgroups. Collection of resource usage data will be disabled. Error: [CGroupsException] The daemon's PID (797) was already added to the legacy cgroup; this invalidates resource usage data.
05/09/2020 09:25:10 PM : INFO : Ignorable ERROR/WARNING/FAILURE message: /var/log/messages:1095:May  9 21:22:10 localhost python3.6[797]: 2020-05-09T13:22:10.616711Z WARNING ExtHandler Failed to process legacy cgroups. Collection of resource usage data will be disabled. Error: [CGroupsException] The daemon's PID (797) was already added to the legacy cgroup; this invalidates resource usage data.
05/09/2020 09:25:10 PM : INFO : Ignorable ERROR/WARNING/FAILURE message: /var/log/messages:1095:May  9 21:22:10 localhost python3.6[797]: 2020-05-09T13:22:10.616711Z WARNING ExtHandler Failed to process legacy cgroups. Collection of resource usage data will be disabled. Error: [CGroupsException] The daemon's PID (797) was already added to the legacy cgroup; this invalidates resource usage data.
